<?xml version="1.0" encoding="UTF-8"?>
<!-- Generated by org.testng.reporters.JUnitReportReporter -->
<testsuite hostname="rohith" failures="0" tests="10" name="com.testcase.Admin.Job.Admin_job_JobTitles_TC" time="52.786" errors="0" timestamp="2020-09-06T14:03:22 EDT" skipped="0">
  <testcase classname="com.testcase.Admin.Job.Admin_job_JobTitles_TC" name="login" time="5.787"/>
  <system-out/>
  <testcase classname="com.testcase.Admin.Job.Admin_job_JobTitles_TC" name="adminClick" time="5.106"/>
  <system-out/>
  <testcase classname="com.testcase.Admin.Job.Admin_job_JobTitles_TC" name="jobclick" time="3.785"/>
  <system-out/>
  <testcase classname="com.testcase.Admin.Job.Admin_job_JobTitles_TC" name="a_JobTitleClick" time="4.388"/>
  <system-out/>
  <testcase classname="com.testcase.Admin.Job.Admin_job_JobTitles_TC" name="addSave" time="9.161"/>
  <system-out/>
  <testcase classname="com.testcase.Admin.Job.Admin_job_JobTitles_TC" name="addCancel" time="5.848"/>
  <system-out/>
  <testcase classname="com.testcase.Admin.Job.Admin_job_JobTitles_TC" name="Delete_OK" time="5.477"/>
  <system-out/>
  <testcase classname="com.testcase.Admin.Job.Admin_job_JobTitles_TC" name="Delete_CAncelK" time="4.004"/>
  <system-out/>
  <testcase classname="com.testcase.Admin.Job.Admin_job_JobTitles_TC" name="Edit_jobNameSave" time="5.005"/>
  <system-out/>
  <testcase classname="com.testcase.Admin.Job.Admin_job_JobTitles_TC" name="Edit_jobNameCAncel" time="4.225"/>
  <system-out/>
</testsuite> <!-- com.testcase.Admin.Job.Admin_job_JobTitles_TC -->
